<?xml version="1.0" encoding="UTF-8"?>
<testng-results ignored="0" total="2" passed="2" failed="0" skipped="0">
  <reporter-output>
  </reporter-output>
  <suite started-at="2023-03-21T14:05:26 IST" name="Suite" finished-at="2023-03-21T14:06:07 IST" duration-ms="41155">
    <groups>
    </groups>
    <test started-at="2023-03-21T14:05:26 IST" name="Test" finished-at="2023-03-21T14:06:07 IST" duration-ms="41155">
      <class name="AllTestCases.First_testcase">
        <test-method is-config="true" signature="Preconditions()[pri:0, instance:AllTestCases.First_testcase@5acf93bb]" started-at="2023-03-21T14:05:27 IST" name="Preconditions" finished-at="2023-03-21T14:05:30 IST" duration-ms="3048" status="PASS">
          <reporter-output>
          </reporter-output>
        </test-method> <!-- Preconditions -->
        <test-method signature="testcase1(java.lang.String,java.lang.String,java.lang.String,java.lang.String,java.lang.String,java.lang.String,java.lang.String)[pri:1, instance:AllTestCases.First_testcase@5acf93bb]" started-at="2023-03-21T14:05:30 IST" name="testcase1" data-provider="signupDetails" finished-at="2023-03-21T14:05:49 IST" duration-ms="18596" status="PASS">
          <params>
            <param index="0">
              <value>
                <![CDATA[Kangroo]]>
              </value>
            </param>
            <param index="1">
              <value>
                <![CDATA[Sharma]]>
              </value>
            </param>
            <param index="2">
              <value>
                <![CDATA[Male]]>
              </value>
            </param>
            <param index="3">
              <value>
                <![CDATA[9986597754]]>
              </value>
            </param>
            <param index="4">
              <value>
                <![CDATA[ramji060606@gmail.com]]>
              </value>
            </param>
            <param index="5">
              <value>
                <![CDATA[Kangroo@41]]>
              </value>
            </param>
            <param index="6">
              <value>
                <![CDATA[Kangroo@41]]>
              </value>
            </param>
          </params>
          <reporter-output>
          </reporter-output>
        </test-method> <!-- testcase1 -->
        <test-method is-config="true" signature="tearDown()[pri:0, instance:AllTestCases.First_testcase@5acf93bb]" started-at="2023-03-21T14:05:49 IST" name="tearDown" finished-at="2023-03-21T14:05:49 IST" duration-ms="129" status="PASS">
          <reporter-output>
          </reporter-output>
        </test-method> <!-- tearDown -->
        <test-method is-config="true" signature="Preconditions()[pri:0, instance:AllTestCases.First_testcase@5acf93bb]" started-at="2023-03-21T14:05:49 IST" name="Preconditions" finished-at="2023-03-21T14:05:52 IST" duration-ms="2543" status="PASS">
          <reporter-output>
          </reporter-output>
        </test-method> <!-- Preconditions -->
        <test-method signature="LoginTest(java.lang.String,java.lang.String)[pri:2, instance:AllTestCases.First_testcase@5acf93bb]" started-at="2023-03-21T14:05:52 IST" name="LoginTest" data-provider="loginDetails" finished-at="2023-03-21T14:06:07 IST" duration-ms="15453" status="PASS">
          <params>
            <param index="0">
              <value>
                <![CDATA[ramji060606@gmail.com]]>
              </value>
            </param>
            <param index="1">
              <value>
                <![CDATA[Kangroo@41]]>
              </value>
            </param>
          </params>
          <reporter-output>
          </reporter-output>
        </test-method> <!-- LoginTest -->
        <test-method is-config="true" signature="tearDown()[pri:0, instance:AllTestCases.First_testcase@5acf93bb]" started-at="2023-03-21T14:06:07 IST" name="tearDown" finished-at="2023-03-21T14:06:07 IST" duration-ms="139" status="PASS">
          <reporter-output>
          </reporter-output>
        </test-method> <!-- tearDown -->
      </class> <!-- AllTestCases.First_testcase -->
    </test> <!-- Test -->
  </suite> <!-- Suite -->
</testng-results>
